<?xml version="1.0" encoding="UTF-8"?>
<!-- Generated by org.testng.reporters.JUnitReportReporter -->
<testsuite skipped="0" hostname="DESKTOP-V3QG482" name="parallel.TestRunner" tests="1" failures="0" timestamp="2020-05-26T12:47:55 IST" time="71.339" errors="0">
  <testcase name="runScenario" time="71.339" classname="parallel.TestRunner"/>
  <system-out/>
</testsuite> <!-- parallel.TestRunner -->
